[bug_fix] running WHAT (new source)…
[bug_fix] HOW trial 1/5…
[bug_fix] trial 1: text=7/10 raw=7/10 (ws=0 reworded=3) add/mod_ok=True removed_dropped=True
[bug_fix] HOW trial 2/5…
[bug_fix] trial 2: text=7/10 raw=7/10 (ws=0 reworded=3) add/mod_ok=True removed_dropped=True
[bug_fix] HOW trial 3/5…
[bug_fix] trial 3: text=8/10 raw=8/10 (ws=0 reworded=2) add/mod_ok=True removed_dropped=True
[bug_fix] HOW trial 4/5…
[bug_fix] trial 4: text=7/10 raw=7/10 (ws=0 reworded=3) add/mod_ok=True removed_dropped=True
[bug_fix] HOW trial 5/5…
[bug_fix] trial 5: text=7/10 raw=7/10 (ws=0 reworded=3) add/mod_ok=True removed_dropped=True
[data_analysis] running WHAT (new source)…
[data_analysis] HOW trial 1/5…
[data_analysis] trial 1: text=1/1 raw=1/1 (ws=0 reworded=0) add/mod_ok=True removed_dropped=True
[data_analysis] HOW trial 2/5…
[data_analysis] trial 2: text=1/1 raw=1/1 (ws=0 reworded=0) add/mod_ok=True removed_dropped=True
[data_analysis] HOW trial 3/5…
[data_analysis] trial 3: text=1/1 raw=1/1 (ws=0 reworded=0) add/mod_ok=True removed_dropped=True
[data_analysis] HOW trial 4/5…
[data_analysis] trial 4: text=1/1 raw=1/1 (ws=0 reworded=0) add/mod_ok=True removed_dropped=True
[data_analysis] HOW trial 5/5…
[data_analysis] trial 5: text=1/1 raw=1/1 (ws=0 reworded=0) add/mod_ok=True removed_dropped=True
[new_initiative] running WHAT (new source)…
[new_initiative] HOW trial 1/5…
[new_initiative] trial 1: text=40/42 raw=40/42 (ws=0 reworded=2) add/mod_ok=True removed_dropped=True
[new_initiative] HOW trial 2/5…
[new_initiative] trial 2: text=40/42 raw=40/42 (ws=0 reworded=2) add/mod_ok=True removed_dropped=True
[new_initiative] HOW trial 3/5…
[new_initiative] trial 3: text=40/42 raw=40/42 (ws=0 reworded=2) add/mod_ok=True removed_dropped=True
[new_initiative] HOW trial 4/5…
[new_initiative] trial 4: text=40/42 raw=40/42 (ws=0 reworded=2) add/mod_ok=True removed_dropped=True
[new_initiative] HOW trial 5/5…
[new_initiative] trial 5: text=40/42 raw=40/42 (ws=0 reworded=2) add/mod_ok=True removed_dropped=True

=== AGGREGATE ===
VERDICT: FAIL
MECHANISM: deterministic-splice
overall raw byte-identity: 90.9%   text byte-identity: 90.9%
  bug_fix: raw=72.0% text=72.0% trials=5/5 unchanged=50 pass=False
  data_analysis: raw=100.0% text=100.0% trials=5/5 unchanged=5 pass=True
  new_initiative: raw=95.23809523809524% text=95.23809523809524% trials=5/5 unchanged=210 pass=True
divergence: whitespace-only=0  reworded=24
